Flutter crash report.
Please report a bug at https://github.com/flutter/flutter/issues.

## command

flutter run -v

## exception

FileSystemException: FileSystemException: writeFrom failed, path = '/Users/admin/Desktop/Tau/.flutter-plugins' (OS Error: No space left on device, errno = 28)

```
#0      _RandomAccessFile.writeFromSync (dart:io/file_impl.dart:870:7)
#1      _File.writeAsBytesSync (dart:io/file_impl.dart:606:14)
#2      _File.writeAsStringSync (dart:io/file_impl.dart:628:5)
#3      ForwardingFile.writeAsStringSync (package:file/src/forwarding/forwarding_file.dart:148:16)
#4      _writeFlutterPluginsListLegacy (package:flutter_tools/src/plugins.dart:520:15)
#5      refreshPluginsList (package:flutter_tools/src/plugins.dart:1140:30)
<asynchronous suspension>
#6      FlutterProject.ensureReadyForPlatformSpecificTooling (package:flutter_tools/src/project.dart:242:11)
#7      FlutterCommand.verifyThenRunCommand (package:flutter_tools/src/runner/flutter_command.dart:960:21)
<asynchronous suspension>
#8      FlutterCommand.run.<anonymous closure> (package:flutter_tools/src/runner/flutter_command.dart:836:33)
<asynchronous suspension>
#9      FlutterCommand.run.<anonymous closure> (package:flutter_tools/src/runner/flutter_command.dart)
#10     AppContext.run.<anonymous closure> (package:flutter_tools/src/base/context.dart:150:29)
#11     _rootRun (dart:async/zone.dart:1190:13)
#12     _CustomZone.run (dart:async/zone.dart:1093:19)
#13     _runZoned (dart:async/zone.dart:1630:10)
#14     runZoned (dart:async/zone.dart:1550:10)
#15     AppContext.run (package:flutter_tools/src/base/context.dart:149:18)
#16     FlutterCommand.run (package:flutter_tools/src/runner/flutter_command.dart:825:20)
#17     CommandRunner.runCommand (package:args/command_runner.dart:197:27)
#18     FlutterCommandRunner.runCommand.<anonymous closure> (package:flutter_tools/src/runner/flutter_command_runner.dart:335:21)
#19     _rootRunUnary (dart:async/zone.dart:1198:47)
#20     _CustomZone.runUnary (dart:async/zone.dart:1100:19)
#21     _FutureListener.handleValue (dart:async/future_impl.dart:143:18)
#22     Future._propagateToListeners.handleValueCallback (dart:async/future_impl.dart:696:45)
#23     Future._propagateToListeners (dart:async/future_impl.dart:725:32)
#24     Future._completeWithValue (dart:async/future_impl.dart:529:5)
#25     _AsyncAwaitCompleter.complete (dart:async-patch/async_patch.dart:40:15)
#26     _completeOnAsyncReturn (dart:async-patch/async_patch.dart:311:13)
#27     FlutterVersion.checkFlutterVersionFreshness (package:flutter_tools/src/version.dart)
#28     _rootRunUnary (dart:async/zone.dart:1198:47)
#29     _CustomZone.runUnary (dart:async/zone.dart:1100:19)
#30     _FutureListener.handleValue (dart:async/future_impl.dart:143:18)
#31     Future._propagateToListeners.handleValueCallback (dart:async/future_impl.dart:696:45)
#32     Future._propagateToListeners (dart:async/future_impl.dart:725:32)
#33     Future._completeWithValue (dart:async/future_impl.dart:529:5)
#34     Future._asyncCompleteWithValue.<anonymous closure> (dart:async/future_impl.dart:567:7)
#35     _rootRun (dart:async/zone.dart:1190:13)
#36     _CustomZone.run (dart:async/zone.dart:1093:19)
#37     _CustomZone.runGuarded (dart:async/zone.dart:997:7)
#38     _CustomZone.bindCallbackGuarded.<anonymous closure> (dart:async/zone.dart:1037:23)
#39     _microtaskLoop (dart:async/schedule_microtask.dart:41:21)
#40     _startMicrotaskLoop (dart:async/schedule_microtask.dart:50:5)
#41     _runPendingImmediateCallback (dart:isolate-patch/isolate_patch.dart:118:13)
#42     _RawReceivePortImpl._handleMessage (dart:isolate-patch/isolate_patch.dart:169:5)
```

## flutter doctor

```
[✓] Flutter (Channel stable, 1.22.5, on macOS 11.1 20C69 darwin-x64, locale ru-KZ)
    • Flutter version 1.22.5 at /Users/admin/Desktop/flutter
    • Framework revision 7891006299 (4 months ago), 2020-12-10 11:54:40 -0800
    • Engine revision ae90085a84
    • Dart version 2.10.4

[✓] Android toolchain - develop for Android devices (Android SDK version 30.0.3)
    • Android SDK at /Users/admin/Library/Android/sdk
    • Platform android-30, build-tools 30.0.3
    • Java binary at: /Applications/Android Studio.app/Contents/jre/jdk/Contents/Home/bin/java
    • Java version OpenJDK Runtime Environment (build 1.8.0_242-release-1644-b3-6915495)
    • All Android licenses accepted.

[✓] Xcode - develop for iOS and macOS (Xcode 12.3)
    • Xcode at /Applications/Xcode.app/Contents/Developer
    • Xcode 12.3, Build version 12C33
    • CocoaPods version 1.10.1

[✓] Android Studio (version 4.1)
    • Android Studio at /Applications/Android Studio.app/Contents
    • Flutter plugin installed
    • Dart plugin version 201.9317
    • Java version OpenJDK Runtime Environment (build 1.8.0_242-release-1644-b3-6915495)

[✓] VS Code (version 1.55.2)
    • VS Code at /Applications/Visual Studio Code.app/Contents
    • Flutter extension version 3.21.0

[✓] Connected device (1 available)
    • iPhone 8 Plus (mobile) • 984BE6E1-A7DE-446A-B960-B33C078254A4 • ios • com.apple.CoreSimulator.SimRuntime.iOS-14-3 (simulator)
    ! Error: iPhone Rus is not connected. Xcode will continue when iPhone Rus is connected. (code -13)

• No issues found!
```
