Flutter crash report.
Please report a bug at https://github.com/flutter/flutter/issues.

## command

flutter build ios -v

## exception

ProcessException: ProcessException: Process exited abnormally:
Command line invocation:
    /Applications/Xcode.app/Contents/Developer/usr/bin/xcodebuild -list


2021-04-23 22:56:57.956 xcodebuild[4982:82958] Error Domain=NSCocoaErrorDomain Code=3840 "No value." UserInfo={NSDebugDescription=No value.}
xcodebuild: error: Unable to read project 'Runner.xcodeproj'.
	Reason: The project ‘Runner’ is damaged and cannot be opened due to a parse error. Examine the project file for invalid edits or unresolved source control conflicts.

Path: /Users/admin/Desktop/Tau/ios/Runner.xcodeproj
  Command: /usr/bin/xcodebuild -list

```
#0      RunResult.throwException (package:flutter_tools/src/base/process.dart:172:5)
#1      _DefaultProcessUtils.run (package:flutter_tools/src/base/process.dart:328:19)
#2      _rootRunUnary (dart:async/zone.dart:1198:47)
#3      _CustomZone.runUnary (dart:async/zone.dart:1100:19)
#4      _FutureListener.handleValue (dart:async/future_impl.dart:143:18)
#5      Future._propagateToListeners.handleValueCallback (dart:async/future_impl.dart:696:45)
#6      Future._propagateToListeners (dart:async/future_impl.dart:725:32)
#7      Future._completeWithValue (dart:async/future_impl.dart:529:5)
#8      _AsyncAwaitCompleter.complete (dart:async-patch/async_patch.dart:40:15)
#9      _completeOnAsyncReturn (dart:async-patch/async_patch.dart:311:13)
#10     _run (package:flutter_tools/src/base/error_handling_io.dart)
#11     _rootRunUnary (dart:async/zone.dart:1198:47)
#12     _CustomZone.runUnary (dart:async/zone.dart:1100:19)
#13     _FutureListener.handleValue (dart:async/future_impl.dart:143:18)
#14     Future._propagateToListeners.handleValueCallback (dart:async/future_impl.dart:696:45)
#15     Future._propagateToListeners (dart:async/future_impl.dart:725:32)
#16     Future._completeWithValue (dart:async/future_impl.dart:529:5)
#17     Future.wait.<anonymous closure> (dart:async/future.dart:414:23)
#18     _rootRunUnary (dart:async/zone.dart:1198:47)
#19     _CustomZone.runUnary (dart:async/zone.dart:1100:19)
#20     _FutureListener.handleValue (dart:async/future_impl.dart:143:18)
#21     Future._propagateToListeners.handleValueCallback (dart:async/future_impl.dart:696:45)
#22     Future._propagateToListeners (dart:async/future_impl.dart:725:32)
#23     Future._complete (dart:async/future_impl.dart:519:7)
#24     Stream.fold.<anonymous closure> (dart:async/stream.dart:847:14)
#25     _rootRun (dart:async/zone.dart:1182:47)
#26     _CustomZone.run (dart:async/zone.dart:1093:19)
#27     _CustomZone.runGuarded (dart:async/zone.dart:997:7)
#28     _BufferingStreamSubscription._sendDone.sendDone (dart:async/stream_impl.dart:410:13)
#29     _BufferingStreamSubscription._sendDone (dart:async/stream_impl.dart:420:15)
#30     _BufferingStreamSubscription._close (dart:async/stream_impl.dart:305:7)
#31     _SinkTransformerStreamSubscription._close (dart:async/stream_transformers.dart:97:11)
#32     _EventSinkWrapper.close (dart:async/stream_transformers.dart:23:11)
#33     _StringAdapterSink.close (dart:convert/string_conversion.dart:251:11)
#34     _Utf8ConversionSink.close (dart:convert/string_conversion.dart:305:20)
#35     _ConverterStreamEventSink.close (dart:convert/chunked_conversion.dart:82:18)
#36     _SinkTransformerStreamSubscription._handleDone (dart:async/stream_transformers.dart:142:24)
#37     _rootRun (dart:async/zone.dart:1182:47)
#38     _CustomZone.run (dart:async/zone.dart:1093:19)
#39     _CustomZone.runGuarded (dart:async/zone.dart:997:7)
#40     _BufferingStreamSubscription._sendDone.sendDone (dart:async/stream_impl.dart:410:13)
#41     _BufferingStreamSubscription._sendDone (dart:async/stream_impl.dart:420:15)
#42     _BufferingStreamSubscription._close (dart:async/stream_impl.dart:305:7)
#43     _SyncStreamControllerDispatch._sendDone (dart:async/stream_controller.dart:816:19)
#44     _StreamController._closeUnchecked (dart:async/stream_controller.dart:671:7)
#45     _StreamController.close (dart:async/stream_controller.dart:664:5)
#46     _Socket._onData (dart:io-patch/socket_patch.dart:2051:21)
#47     _rootRunUnary (dart:async/zone.dart:1206:13)
#48     _CustomZone.runUnary (dart:async/zone.dart:1100:19)
#49     _CustomZone.runUnaryGuarded (dart:async/zone.dart:1005:7)
#50     _BufferingStreamSubscription._sendData (dart:async/stream_impl.dart:357:11)
#51     _BufferingStreamSubscription._add (dart:async/stream_impl.dart:285:7)
#52     _SyncStreamControllerDispatch._sendData (dart:async/stream_controller.dart:808:19)
#53     _StreamController._add (dart:async/stream_controller.dart:682:7)
#54     _StreamController.add (dart:async/stream_controller.dart:624:5)
#55     new _RawSocket.<anonymous closure> (dart:io-patch/socket_patch.dart:1587:35)
#56     _NativeSocket.issueReadEvent.issue (dart:io-patch/socket_patch.dart:1069:18)
#57     _microtaskLoop (dart:async/schedule_microtask.dart:41:21)
#58     _startMicrotaskLoop (dart:async/schedule_microtask.dart:50:5)
#59     _runPendingImmediateCallback (dart:isolate-patch/isolate_patch.dart:118:13)
#60     _RawReceivePortImpl._handleMessage (dart:isolate-patch/isolate_patch.dart:169:5)
```

## flutter doctor

```
[✓] Flutter (Channel stable, 1.22.5, on macOS 11.1 20C69 darwin-x64, locale ru-KZ)
    • Flutter version 1.22.5 at /Users/admin/Desktop/flutter
    • Framework revision 7891006299 (4 months ago), 2020-12-10 11:54:40 -0800
    • Engine revision ae90085a84
    • Dart version 2.10.4

[✓] Android toolchain - develop for Android devices (Android SDK version 30.0.3)
    • Android SDK at /Users/admin/Library/Android/sdk
    • Platform android-30, build-tools 30.0.3
    • Java binary at: /Applications/Android Studio.app/Contents/jre/jdk/Contents/Home/bin/java
    • Java version OpenJDK Runtime Environment (build 1.8.0_242-release-1644-b3-6915495)
    • All Android licenses accepted.

[✓] Xcode - develop for iOS and macOS (Xcode 12.3)
    • Xcode at /Applications/Xcode.app/Contents/Developer
    • Xcode 12.3, Build version 12C33
    • CocoaPods version 1.10.1

[✓] Android Studio (version 4.1)
    • Android Studio at /Applications/Android Studio.app/Contents
    • Flutter plugin installed
    • Dart plugin version 201.9317
    • Java version OpenJDK Runtime Environment (build 1.8.0_242-release-1644-b3-6915495)

[✓] VS Code (version 1.55.2)
    • VS Code at /Applications/Visual Studio Code.app/Contents
    • Flutter extension version 3.21.0

[✓] Connected device (1 available)
    • iPhone 8 Plus (mobile) • 984BE6E1-A7DE-446A-B960-B33C078254A4 • ios • com.apple.CoreSimulator.SimRuntime.iOS-14-3 (simulator)
    ! Error: iPhone Rus is not connected. Xcode will continue when iPhone Rus is connected. (code -13)

• No issues found!
```
